<?xml version="1.0" encoding="UTF-8"?>
<testsuite xmlns:xsi="http://www.w3.org/2001/XMLSchema-instance" xsi:noNamespaceSchemaLocation="https://maven.apache.org/surefire/maven-surefire-plugin/xsd/surefire-test-report-3.0.xsd" version="3.0" name="modelo.TableroTest" time="0.201" tests="14" errors="0" skipped="0" failures="0">
  <properties>
[...]
</properties>
  <testcase name="testMovimientosTorrre" classname="modelo.TableroTest" time="0.065">
    <system-out><![CDATA[[4,5]
[4,6]
[4,7]
[5,4]
[6,4]
[7,4]
[4,3]
[4,2]
[4,1]
[4,0]
[3,4]
[2,4]
[1,4]
[0,4]
]]></system-out>
  </testcase>
  <testcase name="testMovimientosPeonBlancoAtaque" classname="modelo.TableroTest" time="0.003">
    <system-out><![CDATA[[5,5]
[3,5]

]]></system-out>
  </testcase>
  <testcase name="testMovimientosPeonNegroAtaque" classname="modelo.TableroTest" time="0.005">
    <system-out><![CDATA[[5,3]
[3,3]

]]></system-out>
  </testcase>
  <testcase name="testMovimientosAlfilAtaque" classname="modelo.TableroTest" time="0.016">
    <system-out><![CDATA[[5,5]
[3,3]
[__,__,__,__,__,__,__,__]
[__,__,__,__,__,__,__,__]
[__,__,__,__,__,__,__,__]
[__,__,__,2P,__,__,__,__]
[__,__,__,__,1A,__,__,__]
[__,__,__,__,__,2P,__,__]
[__,__,__,__,__,__,__,__]
[__,__,__,__,__,__,__,__]

]]></system-out>
  </testcase>
  <testcase name="testMovimientosAlfil" classname="modelo.TableroTest" time="0.004">
    <system-out><![CDATA[[5,5]
[6,6]
[7,7]
[3,5]
[2,6]
[1,7]
[5,3]
[6,2]
[7,1]
[3,3]
[2,2]
[1,1]
[0,0]
13
]]></system-out>
  </testcase>
  <testcase name="testMovimientosReina" classname="modelo.TableroTest" time="0.004">
    <system-out><![CDATA[[4,5]
[4,6]
[4,7]
[5,4]
[6,4]
[7,4]
[4,3]
[4,2]
[4,1]
[4,0]
[3,4]
[2,4]
[1,4]
[0,4]
[5,5]
[6,6]
[7,7]
[3,5]
[2,6]
[1,7]
[5,3]
[6,2]
[7,1]
[3,3]
[2,2]
[1,1]
[0,0]
]]></system-out>
  </testcase>
  <testcase name="testMovimientosTorrreAtaque" classname="modelo.TableroTest" time="0.004">
    <system-out><![CDATA[[4,5]
[5,4]
[__,__,__,__,__,__,__,__]
[__,__,__,__,__,__,__,__]
[__,__,__,__,__,__,__,__]
[__,__,__,__,__,__,__,__]
[__,__,__,__,1T,2P,__,__]
[__,__,__,__,2P,__,__,__]
[__,__,__,__,__,__,__,__]
[__,__,__,__,__,__,__,__]

]]></system-out>
  </testcase>
  <testcase name="testMovimientosPeonBlanco" classname="modelo.TableroTest" time="0.003">
    <system-out><![CDATA[[1,2]
[1,3]

]]></system-out>
  </testcase>
  <testcase name="testMovimientosCaballoAtaque" classname="modelo.TableroTest" time="0.004">
    <system-out><![CDATA[[6,5]
[2,5]
[__,__,__,__,__,__,__,__]
[__,__,__,__,__,__,__,__]
[__,__,__,__,__,__,__,__]
[__,__,__,__,__,__,__,__]
[__,__,__,__,1C,__,__,__]
[__,__,2P,__,__,__,2P,__]
[__,__,__,__,__,__,__,__]
[__,__,__,__,__,__,__,__]

]]></system-out>
  </testcase>
  <testcase name="testMovimientosRey" classname="modelo.TableroTest" time="0.003">
    <system-out><![CDATA[[4,5]
[3,4]
[4,3]
[5,4]
[5,3]
[5,5]
[3,3]
[3,5]
]]></system-out>
  </testcase>
  <testcase name="testMovimientosCaballo" classname="modelo.TableroTest" time="0.005">
    <system-out><![CDATA[[5,6]
[3,6]
[5,2]
[3,2]
[6,5]
[2,5]
[6,3]
[2,3]
]]></system-out>
  </testcase>
  <testcase name="testMovimientosReyAtaque" classname="modelo.TableroTest" time="0.003">
    <system-out><![CDATA[[4,5]
[5,4]
[__,__,__,__,__,__,__,__]
[__,__,__,__,__,__,__,__]
[__,__,__,__,__,__,__,__]
[__,__,__,__,__,__,__,__]
[__,__,__,__,1R,2P,__,__]
[__,__,__,__,2P,__,__,__]
[__,__,__,__,__,__,__,__]
[__,__,__,__,__,__,__,__]

]]></system-out>
  </testcase>
  <testcase name="testMovimientosPeonNegro" classname="modelo.TableroTest" time="0.002">
    <system-out><![CDATA[[3,5]
[3,4]
]]></system-out>
  </testcase>
  <testcase name="testMovimientosReinaAtaque" classname="modelo.TableroTest" time="0.004">
    <system-out><![CDATA[[3,1]
[3,2]
[3,3]
[3,4]
[3,5]
[3,6]
[3,7]
[2,0]
[1,0]
[0,0]
[4,1]
[5,2]
[6,3]
[7,4]
[2,1]
[1,2]
[0,3]
[__,__,__,1Q,1R,__,__,__]
[__,__,__,__,__,__,__,__]
[__,__,__,__,__,__,__,__]
[__,__,__,__,__,__,__,__]
[__,__,__,__,__,__,__,__]
[__,__,__,__,__,__,__,__]
[__,__,__,__,__,__,__,__]
[__,__,__,__,__,__,__,__]

]]></system-out>
  </testcase>
</testsuite>